24/11/2010 18:01:59 org.apache.catalina.core.AprLifecycleListener lifecycleEvent
INFO: The Apache Tomcat Native library which allows optimal performance in production environments was not found on the java.library.path: D:\Ambiente_Java\jdk1.6.0_14\bin;.;C:\WINDOWS\Sun\Java\bin;C:\WINDOWS\system32;C:\WINDOWS;c:\oracle\product\10.2.0\client_1\bin;C:\Arquivos de programas\Nokia\PC Connectivity Solution\;D:\Ambiente_Java\apache-maven-2.2.1\bin;D:\Ambiente_Java\apache-ant-1.7.1\bin;D:\Ambiente_Java\jdk1.6.0_14\bin;C:\Arquivos de programas\Oracle\jre\1.1.7\bin;C:\WINDOWS\system32;C:\WINDOWS;C:\WINDOWS\System32\Wbem;C:\Arquivos de programas\IDM Computer Solutions\UltraEdit-32;C:\Arquivos de programas\Microsoft SQL Server\90\Tools\binn\;d:\Arquivos de programas\Arquivos comuns\MicroStrategy;d:\Arquivos de programas\MicroStrategy\Desktop;d:\Arquivos de programas\Arquivos comuns\MicroStrategy\JRE\160_07\Win32\bin;d:\Arquivos de programas\Arquivos comuns\MicroStrategy\Documentation;
24/11/2010 18:01:59 org.apache.coyote.http11.Http11BaseProtocol init
INFO: Initializing Coyote HTTP/1.1 on http-8080
24/11/2010 18:01:59 org.apache.catalina.startup.Catalina load
INFO: Initialization processed in 828 ms
24/11/2010 18:01:59 org.apache.catalina.core.StandardService start
INFO: Starting service Catalina
24/11/2010 18:01:59 org.apache.catalina.core.StandardEngine start
INFO: Starting Servlet Engine: Apache Tomcat/5.5.25
24/11/2010 18:01:59 org.apache.catalina.core.StandardHost start
INFO: XML validation disabled
24/11/2010 18:02:00 org.apache.catalina.startup.HostConfig deployWAR
INFO: Deploying web application archive openreports.war
24/11/2010 18:02:05 org.eclipse.birt.report.engine.api.impl.ReportEngine <init>
FINE: ReportEngine created. EngineConfig: EngineConfig: org.eclipse.birt.report.engine.api.EngineConfig.scriptObjects={};BIRT_HOME=;logLevel=ALL;PLATFORM_CONTEXT=org.eclipse.birt.core.framework.PlatformServletContext@1d95033;org.eclipse.birt.report.engine.api.EngineConfig.emitterConfigs={html=org.eclipse.birt.report.engine.api.HTMLRenderOption@20463e};logDest=<null>; 
24/11/2010 18:02:05 org.eclipse.birt.report.engine.extension.internal.ExtensionManager getExtensions
FINE: Start load extension point: org.eclipse.birt.report.engine.reportitemGeneration
24/11/2010 18:02:05 org.eclipse.birt.report.engine.extension.internal.ExtensionManager loadGenerationExtensionDefns
FINE: Load generation extension: Chart
24/11/2010 18:02:05 org.eclipse.birt.report.engine.extension.internal.ExtensionManager getExtensions
FINE: Start load extension point: org.eclipse.birt.report.engine.reportitemPresentation
24/11/2010 18:02:05 org.eclipse.birt.report.engine.extension.internal.ExtensionManager loadPresentationExtensionDefns
FINE: Load prsentation extension: Chart
24/11/2010 18:02:05 org.eclipse.birt.report.engine.extension.internal.ExtensionManager getExtensions
FINE: Start load extension point: org.eclipse.birt.report.engine.reportitemQuery
24/11/2010 18:02:05 org.eclipse.birt.report.engine.extension.internal.ExtensionManager loadQueryExtensionDefns
FINE: Load query extension: Chart
24/11/2010 18:02:05 org.eclipse.birt.report.engine.extension.internal.ExtensionManager getExtensions
FINE: Start load extension point: org.eclipse.birt.report.engine.emitters
24/11/2010 18:02:05 org.eclipse.birt.report.engine.extension.internal.ExtensionManager loadEmitterExtensionDefns
FINE: Load html emitter org.eclipse.birt.report.engine.emitter.html
24/11/2010 18:02:05 org.eclipse.birt.report.engine.extension.internal.ExtensionManager loadEmitterExtensionDefns
FINE: Load pdf emitter org.eclipse.birt.report.engine.emitter.pdf
24/11/2010 18:02:05 org.eclipse.birt.report.engine.extension.internal.ExtensionManager loadEmitterExtensionDefns
FINE: Load postscript emitter org.eclipse.birt.report.engine.emitter.postscript
24/11/2010 18:02:05 org.eclipse.birt.report.engine.extension.internal.ExtensionManager loadEmitterExtensionDefns
FINE: Load ppt emitter org.eclipse.birt.report.engine.emitter.ppt
24/11/2010 18:02:05 org.eclipse.birt.report.engine.extension.internal.ExtensionManager loadEmitterExtensionDefns
FINE: Load xls emitter org.eclipse.birt.report.engine.emitter.prototype.excel
24/11/2010 18:02:05 org.eclipse.birt.report.engine.extension.internal.ExtensionManager loadEmitterExtensionDefns
FINE: Load doc emitter org.eclipse.birt.report.engine.emitter.word
24/11/2010 18:02:05 org.eclipse.birt.report.engine.extension.internal.ExtensionManager getExtensions
FINE: Start load extension point: org.eclipse.birt.report.engine.reportEventHandler
24/11/2010 18:02:05 org.eclipse.birt.report.engine.extension.internal.ExtensionManager getExtensions
FINE: Start load extension point: org.eclipse.birt.report.engine.reportItemPreparation
24/11/2010 18:02:05 org.eclipse.birt.report.engine.extension.internal.ExtensionManager getExtensions
FINE: Start load extension point: org.eclipse.birt.report.engine.dataExtraction
24/11/2010 18:02:05 org.eclipse.birt.report.engine.extension.internal.ExtensionManager loadDataExtractionExtensions
FINE: Load data extraction extension: org.eclipse.birt.report.engine.dataextraction.csv
24/11/2010 18:02:05 org.eclipse.birt.report.engine.extension.internal.ExtensionManager getExtensions
FINE: Start load extension point: org.eclipse.birt.report.engine.extendedItemFactory
24/11/2010 18:02:05 org.eclipse.birt.report.engine.extension.internal.ExtensionManager loadExtendedItems
FINE: Load extendedItem extension: Crosstab
24/11/2010 18:02:05 org.eclipse.birt.report.engine.extension.internal.ExtensionManager loadExtendedItems
FINE: Load extendedItem extension: CrosstabCell
24/11/2010 18:02:05 org.eclipse.birt.report.engine.extension.internal.ExtensionManager loadExtendedItems
FINE: Load extendedItem extension: AggregationCell
24/11/2010 18:02:06 org.apache.coyote.http11.Http11BaseProtocol start
INFO: Starting Coyote HTTP/1.1 on http-8080
24/11/2010 18:02:06 org.apache.jk.common.ChannelSocket init
INFO: JK: ajp13 listening on /0.0.0.0:8009
24/11/2010 18:02:06 org.apache.jk.server.JkMain start
INFO: Jk running ID=0 time=0/0  config=null
24/11/2010 18:02:06 org.apache.catalina.storeconfig.StoreLoader load
INFO: Find registry server-registry.xml at classpath resource
24/11/2010 18:02:06 org.apache.catalina.startup.Catalina start
INFO: Server startup in 7125 ms
24/11/2010 18:03:20 org.apache.catalina.core.StandardService stop
INFO: Stopping service Catalina
