30/08/2013 12:54:38 org.apache.catalina.core.AprLifecycleListener lifecycleEvent
INFO: The Apache Tomcat Native library which allows optimal performance in production environments was not found on the java.library.path: C:\Program Files (x86)\Java\jdk1.6.0_25\bin;.;C:\Windows\Sun\Java\bin;C:\Windows\system32;C:\Windows;C:\oracle\product\11.2.0\dbhome_1\bin;C:\oracle\product\11.2.0\client_1;D:\oracle\product\10.2.0\client_2;C:\OracleBI\server\Bin;C:\OracleBI\web\bin;C:\OracleBI\web\catalogmanager;C:\OracleBI\SQLAnywhere;\bin;C:\oracle\product\10.2.0\client_1\bin;C:\Windows\system32;C:\Windows;C:\Windows\System32\Wbem;C:\Windows\System32\WindowsPowerShell\v1.0\;C:\Program Files (x86)\Common Files\Roxio Shared\9.0\DLLShared\;C:\Program Files\Intel\DMIX;C:\Program Files\TortoiseSVN\bin;C:\Program Files (x86)\Java\jdk1.6.0_25\bin;C:\Program Files (x86)\EasyFrom;C:\Program Files (x86)\Enterprise Vault\EVClient\;C:\Program Files (x86)\QuickTime\QTSystem\
30/08/2013 12:54:38 org.apache.coyote.http11.Http11BaseProtocol init
INFO: Initializing Coyote HTTP/1.1 on http-8080
30/08/2013 12:54:38 org.apache.catalina.startup.Catalina load
INFO: Initialization processed in 643 ms
30/08/2013 12:54:38 org.apache.catalina.core.StandardService start
INFO: Starting service Catalina
30/08/2013 12:54:38 org.apache.catalina.core.StandardEngine start
INFO: Starting Servlet Engine: Apache Tomcat/5.5.25
30/08/2013 12:54:38 org.apache.catalina.core.StandardHost start
INFO: XML validation disabled
30/08/2013 12:54:39 org.apache.catalina.startup.HostConfig deployWAR
INFO: Deploying web application archive openreports.war
30/08/2013 12:54:54 org.apache.coyote.http11.Http11BaseProtocol start
INFO: Starting Coyote HTTP/1.1 on http-8080
30/08/2013 12:54:54 org.apache.jk.common.ChannelSocket init
INFO: JK: ajp13 listening on /0.0.0.0:8009
30/08/2013 12:54:54 org.apache.jk.server.JkMain start
INFO: Jk running ID=0 time=0/30  config=null
30/08/2013 12:54:54 org.apache.catalina.storeconfig.StoreLoader load
INFO: Find registry server-registry.xml at classpath resource
30/08/2013 12:54:54 org.apache.catalina.startup.Catalina start
INFO: Server startup in 15559 ms
30/08/2013 14:06:04 org.apache.catalina.core.StandardService stop
INFO: Stopping service Catalina
30/08/2013 14:06:05 org.apache.coyote.http11.Http11BaseProtocol destroy
INFO: Stopping Coyote HTTP/1.1 on http-8080
30/08/2013 14:06:05 org.apache.catalina.core.AprLifecycleListener lifecycleEvent
INFO: Failed shutdown of Apache Portable Runtime
