/*C2065*/CONNECT USER SA
/*C2066*/CONNECT USER SA
DELETE FROM REPORT_CHART WHERE CHART_ID=11
DELETE FROM REPORT_CHART WHERE CHART_ID=10
DELETE FROM REPORT_CHART WHERE CHART_ID=9
DELETE FROM REPORT_CHART WHERE CHART_ID=5
DELETE FROM REPORT_CHART WHERE CHART_ID=4
INSERT INTO REPORT_CHART VALUES(4,'Orders By Year and Month','XY Chart - Orders By Year and Month','select year_id, month_id,sum(quantityordered)\u000d\u000a from orderfact, time\u000d\u000awhere orderfact.time_id = time.time_id\u000d\u000aand orderfact.orderdate > ''2002-12-31''\u000d\u000aand orderfact.orderdate < ''2005-01-01''\u000d\u000agroup by year_id, month_id',2,600,400,'Month','Quantity Ordered',2,TRUE,TRUE,2,NULL,TRUE,NULL,2,0,1000,0,NULL,NULL,NULL,NULL)
INSERT INTO REPORT_CHART VALUES(5,'Orders By Date','Time Chart - Orders By Date','(select ''Compras'', sum(QUANTITYORDERED),orderdate \u000d\u000a from orderfact\u000d\u000awhere orderfact.orderdate = ''2003-11-05'' \u000d\u000aor orderfact.orderdate = ''2003-11-07''\u000d\u000agroup by orderdate\u000d\u000aunion all \u000d\u000aselect ''Vendas'', sum(QUANTITYORDERED)+100,orderdate \u000d\u000a from orderfact\u000d\u000awhere orderfact.orderdate > ''2003-11-03'' \u000d\u000aand orderfact.orderdate < ''2003-11-11''\u000d\u000agroup by orderdate)\u000d\u000a',3,500,300,'Order Date','Order Quantity',2,TRUE,TRUE,2,NULL,TRUE,NULL,2,50,1000,0,NULL,NULL,NULL,NULL)
INSERT INTO REPORT_CHART VALUES(9,'Orders By Product Line','Pie Chart - Orders By Product Line','select count(*), productline from orderdetails, orders, products where \u000d\u000aorders.ordernumber = orderdetails.ordernumber\u000d\u000aand \u000d\u000aorderdetails.productcode = products.productcode and orders.customernumber = $P{CustomerNumber}\u000d\u000agroup by productline',1,500,350,'','',2,TRUE,TRUE,1,NULL,TRUE,NULL,2,0,1000,0,NULL,NULL,NULL,NULL)
INSERT INTO REPORT_CHART VALUES(10,'Product By Line','Bar Chart - Product Break Down By Line','select count(*), '''', productline\u000d\u000afrom products \u000d\u000agroup by productline\u000d\u000aorder by productline',0,630,350,'Product Name','Product Count',2,FALSE,FALSE,2,NULL,TRUE,NULL,2,0,50,0,NULL,NULL,NULL,NULL)
INSERT INTO REPORT_CHART VALUES(11,'Product Line Inventory','Ring Chart - Product Line Inventory','select sum(quantityinstock), productline \u000d\u000afrom products \u000d\u000agroup by productline\u000d\u000aorder by productline',4,600,400,'','',2,FALSE,TRUE,1,NULL,TRUE,NULL,2,0,1000,0,NULL,NULL,NULL,NULL)
DELETE FROM REPORT_CHART WHERE CHART_ID=11
DELETE FROM REPORT_CHART WHERE CHART_ID=10
DELETE FROM REPORT_CHART WHERE CHART_ID=9
DELETE FROM REPORT_CHART WHERE CHART_ID=5
DELETE FROM REPORT_CHART WHERE CHART_ID=4
INSERT INTO REPORT_CHART VALUES(4,'Orders By Year and Month','XY Chart - Orders By Year and Month','select year_id, month_id,sum(quantityordered)\u000d\u000a from orderfact, time\u000d\u000awhere orderfact.time_id = time.time_id\u000d\u000aand orderfact.orderdate > ''2002-12-31''\u000d\u000aand orderfact.orderdate < ''2005-01-01''\u000d\u000agroup by year_id, month_id',2,600,400,'Month','Quantity Ordered',2,TRUE,TRUE,2,NULL,TRUE,NULL,2,0,1000,0,0,NULL,NULL,NULL)
INSERT INTO REPORT_CHART VALUES(5,'Orders By Date','Time Chart - Orders By Date','(select ''Compras'', sum(QUANTITYORDERED),orderdate \u000d\u000a from orderfact\u000d\u000awhere orderfact.orderdate = ''2003-11-05'' \u000d\u000aor orderfact.orderdate = ''2003-11-07''\u000d\u000agroup by orderdate\u000d\u000aunion all \u000d\u000aselect ''Vendas'', sum(QUANTITYORDERED)+100,orderdate \u000d\u000a from orderfact\u000d\u000awhere orderfact.orderdate > ''2003-11-03'' \u000d\u000aand orderfact.orderdate < ''2003-11-11''\u000d\u000agroup by orderdate)\u000d\u000a',3,500,300,'Order Date','Order Quantity',2,TRUE,TRUE,2,NULL,TRUE,NULL,2,50,1000,0,0,NULL,NULL,NULL)
INSERT INTO REPORT_CHART VALUES(9,'Orders By Product Line','Pie Chart - Orders By Product Line','select count(*), productline from orderdetails, orders, products where \u000d\u000aorders.ordernumber = orderdetails.ordernumber\u000d\u000aand \u000d\u000aorderdetails.productcode = products.productcode and orders.customernumber = $P{CustomerNumber}\u000d\u000agroup by productline',1,500,350,'','',2,TRUE,TRUE,1,NULL,TRUE,NULL,2,0,1000,0,0,NULL,NULL,NULL)
INSERT INTO REPORT_CHART VALUES(10,'Product By Line','Bar Chart - Product Break Down By Line','select count(*), '''', productline\u000d\u000afrom products \u000d\u000agroup by productline\u000d\u000aorder by productline',0,630,350,'Product Name','Product Count',2,FALSE,FALSE,2,NULL,TRUE,NULL,2,0,50,0,0,NULL,NULL,NULL)
INSERT INTO REPORT_CHART VALUES(11,'Product Line Inventory','Ring Chart - Product Line Inventory','select sum(quantityinstock), productline \u000d\u000afrom products \u000d\u000agroup by productline\u000d\u000aorder by productline',4,600,400,'','',2,FALSE,TRUE,1,NULL,TRUE,NULL,2,0,1000,0,0,NULL,NULL,NULL)
DELETE FROM REPORT_CHART WHERE CHART_ID=11
DELETE FROM REPORT_CHART WHERE CHART_ID=10
DELETE FROM REPORT_CHART WHERE CHART_ID=9
DELETE FROM REPORT_CHART WHERE CHART_ID=5
DELETE FROM REPORT_CHART WHERE CHART_ID=4
INSERT INTO REPORT_CHART VALUES(4,'Orders By Year and Month','XY Chart - Orders By Year and Month','select year_id, month_id,sum(quantityordered)\u000d\u000a from orderfact, time\u000d\u000awhere orderfact.time_id = time.time_id\u000d\u000aand orderfact.orderdate > ''2002-12-31''\u000d\u000aand orderfact.orderdate < ''2005-01-01''\u000d\u000agroup by year_id, month_id',2,600,400,'Month','Quantity Ordered',2,TRUE,TRUE,2,NULL,TRUE,NULL,2,0,1000,0,0,0,NULL,NULL)
INSERT INTO REPORT_CHART VALUES(5,'Orders By Date','Time Chart - Orders By Date','(select ''Compras'', sum(QUANTITYORDERED),orderdate \u000d\u000a from orderfact\u000d\u000awhere orderfact.orderdate = ''2003-11-05'' \u000d\u000aor orderfact.orderdate = ''2003-11-07''\u000d\u000agroup by orderdate\u000d\u000aunion all \u000d\u000aselect ''Vendas'', sum(QUANTITYORDERED)+100,orderdate \u000d\u000a from orderfact\u000d\u000awhere orderfact.orderdate > ''2003-11-03'' \u000d\u000aand orderfact.orderdate < ''2003-11-11''\u000d\u000agroup by orderdate)\u000d\u000a',3,500,300,'Order Date','Order Quantity',2,TRUE,TRUE,2,NULL,TRUE,NULL,2,50,1000,0,0,0,NULL,NULL)
INSERT INTO REPORT_CHART VALUES(9,'Orders By Product Line','Pie Chart - Orders By Product Line','select count(*), productline from orderdetails, orders, products where \u000d\u000aorders.ordernumber = orderdetails.ordernumber\u000d\u000aand \u000d\u000aorderdetails.productcode = products.productcode and orders.customernumber = $P{CustomerNumber}\u000d\u000agroup by productline',1,500,350,'','',2,TRUE,TRUE,1,NULL,TRUE,NULL,2,0,1000,0,0,0,NULL,NULL)
INSERT INTO REPORT_CHART VALUES(10,'Product By Line','Bar Chart - Product Break Down By Line','select count(*), '''', productline\u000d\u000afrom products \u000d\u000agroup by productline\u000d\u000aorder by productline',0,630,350,'Product Name','Product Count',2,FALSE,FALSE,2,NULL,TRUE,NULL,2,0,50,0,0,0,NULL,NULL)
INSERT INTO REPORT_CHART VALUES(11,'Product Line Inventory','Ring Chart - Product Line Inventory','select sum(quantityinstock), productline \u000d\u000afrom products \u000d\u000agroup by productline\u000d\u000aorder by productline',4,600,400,'','',2,FALSE,TRUE,1,NULL,TRUE,NULL,2,0,1000,0,0,0,NULL,NULL)
DELETE FROM REPORT_CHART WHERE CHART_ID=11
DELETE FROM REPORT_CHART WHERE CHART_ID=10
DELETE FROM REPORT_CHART WHERE CHART_ID=9
DELETE FROM REPORT_CHART WHERE CHART_ID=5
DELETE FROM REPORT_CHART WHERE CHART_ID=4
INSERT INTO REPORT_CHART VALUES(4,'Orders By Year and Month','XY Chart - Orders By Year and Month','select year_id, month_id,sum(quantityordered)\u000d\u000a from orderfact, time\u000d\u000awhere orderfact.time_id = time.time_id\u000d\u000aand orderfact.orderdate > ''2002-12-31''\u000d\u000aand orderfact.orderdate < ''2005-01-01''\u000d\u000agroup by year_id, month_id',2,600,400,'Month','Quantity Ordered',2,TRUE,TRUE,2,NULL,TRUE,NULL,2,0,1000,0,0,0,0,NULL)
INSERT INTO REPORT_CHART VALUES(5,'Orders By Date','Time Chart - Orders By Date','(select ''Compras'', sum(QUANTITYORDERED),orderdate \u000d\u000a from orderfact\u000d\u000awhere orderfact.orderdate = ''2003-11-05'' \u000d\u000aor orderfact.orderdate = ''2003-11-07''\u000d\u000agroup by orderdate\u000d\u000aunion all \u000d\u000aselect ''Vendas'', sum(QUANTITYORDERED)+100,orderdate \u000d\u000a from orderfact\u000d\u000awhere orderfact.orderdate > ''2003-11-03'' \u000d\u000aand orderfact.orderdate < ''2003-11-11''\u000d\u000agroup by orderdate)\u000d\u000a',3,500,300,'Order Date','Order Quantity',2,TRUE,TRUE,2,NULL,TRUE,NULL,2,50,1000,0,0,0,0,NULL)
INSERT INTO REPORT_CHART VALUES(9,'Orders By Product Line','Pie Chart - Orders By Product Line','select count(*), productline from orderdetails, orders, products where \u000d\u000aorders.ordernumber = orderdetails.ordernumber\u000d\u000aand \u000d\u000aorderdetails.productcode = products.productcode and orders.customernumber = $P{CustomerNumber}\u000d\u000agroup by productline',1,500,350,'','',2,TRUE,TRUE,1,NULL,TRUE,NULL,2,0,1000,0,0,0,0,NULL)
INSERT INTO REPORT_CHART VALUES(10,'Product By Line','Bar Chart - Product Break Down By Line','select count(*), '''', productline\u000d\u000afrom products \u000d\u000agroup by productline\u000d\u000aorder by productline',0,630,350,'Product Name','Product Count',2,FALSE,FALSE,2,NULL,TRUE,NULL,2,0,50,0,0,0,0,NULL)
INSERT INTO REPORT_CHART VALUES(11,'Product Line Inventory','Ring Chart - Product Line Inventory','select sum(quantityinstock), productline \u000d\u000afrom products \u000d\u000agroup by productline\u000d\u000aorder by productline',4,600,400,'','',2,FALSE,TRUE,1,NULL,TRUE,NULL,2,0,1000,0,0,0,0,NULL)
DELETE FROM REPORT_CHART WHERE CHART_ID=11
DELETE FROM REPORT_CHART WHERE CHART_ID=10
DELETE FROM REPORT_CHART WHERE CHART_ID=9
DELETE FROM REPORT_CHART WHERE CHART_ID=5
DELETE FROM REPORT_CHART WHERE CHART_ID=4
INSERT INTO REPORT_CHART VALUES(4,'Orders By Year and Month','XY Chart - Orders By Year and Month','select year_id, month_id,sum(quantityordered)\u000d\u000a from orderfact, time\u000d\u000awhere orderfact.time_id = time.time_id\u000d\u000aand orderfact.orderdate > ''2002-12-31''\u000d\u000aand orderfact.orderdate < ''2005-01-01''\u000d\u000agroup by year_id, month_id',2,600,400,'Month','Quantity Ordered',2,TRUE,TRUE,2,NULL,TRUE,NULL,2,0,1000,0,0,0,0,0)
INSERT INTO REPORT_CHART VALUES(5,'Orders By Date','Time Chart - Orders By Date','(select ''Compras'', sum(QUANTITYORDERED),orderdate \u000d\u000a from orderfact\u000d\u000awhere orderfact.orderdate = ''2003-11-05'' \u000d\u000aor orderfact.orderdate = ''2003-11-07''\u000d\u000agroup by orderdate\u000d\u000aunion all \u000d\u000aselect ''Vendas'', sum(QUANTITYORDERED)+100,orderdate \u000d\u000a from orderfact\u000d\u000awhere orderfact.orderdate > ''2003-11-03'' \u000d\u000aand orderfact.orderdate < ''2003-11-11''\u000d\u000agroup by orderdate)\u000d\u000a',3,500,300,'Order Date','Order Quantity',2,TRUE,TRUE,2,NULL,TRUE,NULL,2,50,1000,0,0,0,0,0)
INSERT INTO REPORT_CHART VALUES(9,'Orders By Product Line','Pie Chart - Orders By Product Line','select count(*), productline from orderdetails, orders, products where \u000d\u000aorders.ordernumber = orderdetails.ordernumber\u000d\u000aand \u000d\u000aorderdetails.productcode = products.productcode and orders.customernumber = $P{CustomerNumber}\u000d\u000agroup by productline',1,500,350,'','',2,TRUE,TRUE,1,NULL,TRUE,NULL,2,0,1000,0,0,0,0,0)
INSERT INTO REPORT_CHART VALUES(10,'Product By Line','Bar Chart - Product Break Down By Line','select count(*), '''', productline\u000d\u000afrom products \u000d\u000agroup by productline\u000d\u000aorder by productline',0,630,350,'Product Name','Product Count',2,FALSE,FALSE,2,NULL,TRUE,NULL,2,0,50,0,0,0,0,0)
INSERT INTO REPORT_CHART VALUES(11,'Product Line Inventory','Ring Chart - Product Line Inventory','select sum(quantityinstock), productline \u000d\u000afrom products \u000d\u000agroup by productline\u000d\u000aorder by productline',4,600,400,'','',2,FALSE,TRUE,1,NULL,TRUE,NULL,2,0,1000,0,0,0,0,0)
/*C2065*/DISCONNECT
/*C2066*/DISCONNECT
